<?xml version="1.0" encoding="utf-8"?><testsuites><testsuite name="pytest" errors="0" failures="0" skipped="0" tests="7" time="73.591" timestamp="2023-10-24T00:20:16.845171" hostname="Hina"><testcase classname="test_HomePage-InPageObjectModel10-11.TestHomepage" name="test_formSubmission" time="13.501" /><testcase classname="test_HomePage-InPageObjectModel12-13.TestHomepage" name="test_formSubmission[getData0]" time="6.647" /><testcase classname="test_HomePage-InPageObjectModel12-13.TestHomepage" name="test_formSubmission[getData1]" time="3.636" /><testcase classname="test_HomePage-POM Pagelogger14.TestHomepage" name="test_formSubmission[getData0]" time="6.847" /><testcase classname="test_HomePage-POM Pagelogger14.TestHomepage" name="test_formSubmission[getData1]" time="3.671" /><testcase classname="test_e2e9CustomUtilities.Test_one" name="test_e2e" time="19.647" /><testcase classname="test_e2eSetupFixtures4.Test_one" name="test_e2e" time="19.586" /></testsuite></testsuites>